<?xml version="1.0" encoding="UTF-8"?>
<!-- Generated by org.testng.reporters.JUnitReportReporter -->
<testsuite skipped="0" hostname="DESKTOP-VOB5H1Q" name="com.logfourj.practices.HomeWork4" tests="8" failures="0" timestamp="2021-06-05T17:41:18 IST" time="34.647" errors="0">
  <testcase name="LaunchBrowser" time="7.311" classname="com.logfourj.practices.HomeWork4"/>
  <system-out/>
  <testcase name="navigate" time="3.183" classname="com.logfourj.practices.HomeWork4"/>
  <system-out/>
  <testcase name="login" time="5.802" classname="com.logfourj.practices.HomeWork4"/>
  <system-out/>
  <testcase name="CreateCustomer" time="3.638" classname="com.logfourj.practices.HomeWork4"/>
  <system-out/>
  <testcase name="ModifyCustomer" time="6.061" classname="com.logfourj.practices.HomeWork4"/>
  <system-out/>
  <testcase name="DeleteCustomer" time="3.061" classname="com.logfourj.practices.HomeWork4"/>
  <system-out/>
  <testcase name="logout" time="3.409" classname="com.logfourj.practices.HomeWork4"/>
  <system-out/>
  <testcase name="closeApplication" time="2.182" classname="com.logfourj.practices.HomeWork4"/>
  <system-out/>
</testsuite> <!-- com.logfourj.practices.HomeWork4 -->
