<?xml version="1.0" encoding="UTF-8"?>
<!-- Generated by org.testng.reporters.JUnitReportReporter -->
<testsuite skipped="0" hostname="DESKTOP-VOB5H1Q" name="TestNG.HomeWork2" tests="8" failures="0" timestamp="2021-06-01T14:31:44 IST" time="45.592" errors="0">
  <testcase name="LaunchBrowser" time="9.355" classname="TestNG.HomeWork2"/>
  <system-out/>
  <testcase name="navigate" time="2.847" classname="TestNG.HomeWork2"/>
  <system-out/>
  <testcase name="login" time="6.144" classname="TestNG.HomeWork2"/>
  <system-out/>
  <testcase name="CreateUser" time="6.751" classname="TestNG.HomeWork2"/>
  <system-out/>
  <testcase name="ModifyUser" time="8.135" classname="TestNG.HomeWork2"/>
  <system-out/>
  <testcase name="DeleteUser" time="8.512" classname="TestNG.HomeWork2"/>
  <system-out/>
  <testcase name="logout" time="1.782" classname="TestNG.HomeWork2"/>
  <system-out/>
  <testcase name="closeApplication" time="2.066" classname="TestNG.HomeWork2"/>
  <system-out/>
</testsuite> <!-- TestNG.HomeWork2 -->
