<?xml version="1.0" encoding="UTF-8"?>
<!-- Generated by org.testng.reporters.JUnitReportReporter -->
<testsuite skipped="0" hostname="DESKTOP-VOB5H1Q" name="com.testng.practice.HomeWork7" tests="11" failures="0" timestamp="2021-06-02T13:04:21 IST" time="32.797" errors="0">
  <testcase name="LaunchBrowser" time="6.724" classname="com.testng.practice.HomeWork7"/>
  <system-out/>
  <testcase name="navigate" time="2.727" classname="com.testng.practice.HomeWork7"/>
  <system-out/>
  <testcase name="login" time="5.681" classname="com.testng.practice.HomeWork7"/>
  <system-out/>
  <testcase name="CreateCustomer" time="6.614" classname="com.testng.practice.HomeWork7"/>
  <system-out/>
  <testcase name="CreateProject" time="2.080" classname="com.testng.practice.HomeWork7"/>
  <system-out/>
  <testcase name="createTask" time="1.045" classname="com.testng.practice.HomeWork7"/>
  <system-out/>
  <testcase name="deleteTask" time="1.029" classname="com.testng.practice.HomeWork7"/>
  <system-out/>
  <testcase name="DeleteProject" time="1.040" classname="com.testng.practice.HomeWork7"/>
  <system-out/>
  <testcase name="DeleteCustomer" time="0.042" classname="com.testng.practice.HomeWork7"/>
  <system-out/>
  <testcase name="logout" time="3.051" classname="com.testng.practice.HomeWork7"/>
  <system-out/>
  <testcase name="closeApplication" time="2.764" classname="com.testng.practice.HomeWork7"/>
  <system-out/>
</testsuite> <!-- com.testng.practice.HomeWork7 -->
