<?xml version="1.0" encoding="UTF-8"?>
<!-- Generated by org.testng.reporters.JUnitReportReporter -->
<testsuite skipped="0" hostname="DESKTOP-VOB5H1Q" name="com.testng.practice.HomeWork1" tests="7" failures="0" timestamp="2021-06-02T13:04:21 IST" time="59.643" errors="0">
  <testcase name="LaunchBrowser" time="4.661" classname="com.testng.practice.HomeWork1"/>
  <system-out/>
  <testcase name="navigate" time="2.019" classname="com.testng.practice.HomeWork1"/>
  <system-out/>
  <testcase name="login" time="12.231" classname="com.testng.practice.HomeWork1"/>
  <system-out/>
  <testcase name="CreateUser" time="12.167" classname="com.testng.practice.HomeWork1"/>
  <system-out/>
  <testcase name="DeleteUser" time="14.155" classname="com.testng.practice.HomeWork1"/>
  <system-out/>
  <testcase name="logout" time="14.163" classname="com.testng.practice.HomeWork1"/>
  <system-out/>
  <testcase name="closeApplication" time="0.247" classname="com.testng.practice.HomeWork1"/>
  <system-out/>
</testsuite> <!-- com.testng.practice.HomeWork1 -->
