<?xml version="1.0" encoding="UTF-8"?>
<!-- Generated by org.testng.reporters.JUnitReportReporter -->
<testsuite skipped="0" hostname="DESKTOP-VOB5H1Q" name="com.logfourj.practices.HomeWork5" tests="9" failures="0" timestamp="2021-06-05T17:41:18 IST" time="37.531" errors="0">
  <testcase name="LaunchBrowser" time="6.797" classname="com.logfourj.practices.HomeWork5"/>
  <system-out/>
  <testcase name="navigate" time="2.775" classname="com.logfourj.practices.HomeWork5"/>
  <system-out/>
  <testcase name="login" time="5.832" classname="com.logfourj.practices.HomeWork5"/>
  <system-out/>
  <testcase name="CreateCustomer" time="3.709" classname="com.logfourj.practices.HomeWork5"/>
  <system-out/>
  <testcase name="CreateProject" time="3.139" classname="com.logfourj.practices.HomeWork5"/>
  <system-out/>
  <testcase name="DeleteProject" time="7.465" classname="com.logfourj.practices.HomeWork5"/>
  <system-out/>
  <testcase name="DeleteCustomer" time="3.080" classname="com.logfourj.practices.HomeWork5"/>
  <system-out/>
  <testcase name="logout" time="2.424" classname="com.logfourj.practices.HomeWork5"/>
  <system-out/>
  <testcase name="closeApplication" time="2.310" classname="com.logfourj.practices.HomeWork5"/>
  <system-out/>
</testsuite> <!-- com.logfourj.practices.HomeWork5 -->
