<?xml version="1.0" encoding="UTF-8"?>
<!-- Generated by org.testng.reporters.JUnitReportReporter -->
<testsuite skipped="0" hostname="DESKTOP-VOB5H1Q" name="com.logfourj.practices.HomeWork9" tests="19" failures="0" timestamp="2021-06-05T17:41:18 IST" time="104.135" errors="0">
  <testcase name="launchBrowser" time="1.560" classname="com.logfourj.practices.HomeWork9"/>
  <system-out/>
  <testcase name="navigate" time="5.337" classname="com.logfourj.practices.HomeWork9"/>
  <system-out/>
  <testcase name="login" time="4.337" classname="com.logfourj.practices.HomeWork9"/>
  <system-out/>
  <testcase name="User1" time="11.988" classname="com.logfourj.practices.HomeWork9"/>
  <system-out/>
  <testcase name="User2" time="8.702" classname="com.logfourj.practices.HomeWork9"/>
  <system-out/>
  <testcase name="User3" time="8.726" classname="com.logfourj.practices.HomeWork9"/>
  <system-out/>
  <testcase name="logout" time="2.407" classname="com.logfourj.practices.HomeWork9"/>
  <system-out/>
  <testcase name="User1Loging" time="9.843" classname="com.logfourj.practices.HomeWork9"/>
  <system-out/>
  <testcase name="User1logout" time="2.284" classname="com.logfourj.practices.HomeWork9"/>
  <system-out/>
  <testcase name="User2Loging" time="5.404" classname="com.logfourj.practices.HomeWork9"/>
  <system-out/>
  <testcase name="User2Logout" time="2.310" classname="com.logfourj.practices.HomeWork9"/>
  <system-out/>
  <testcase name="User3Loging" time="5.327" classname="com.logfourj.practices.HomeWork9"/>
  <system-out/>
  <testcase name="User3Logout" time="2.314" classname="com.logfourj.practices.HomeWork9"/>
  <system-out/>
  <testcase name="Admin1login" time="2.236" classname="com.logfourj.practices.HomeWork9"/>
  <system-out/>
  <testcase name="deleteUser1" time="9.947" classname="com.logfourj.practices.HomeWork9"/>
  <system-out/>
  <testcase name="deleteUser2" time="9.316" classname="com.logfourj.practices.HomeWork9"/>
  <system-out/>
  <testcase name="deleteUser3" time="9.399" classname="com.logfourj.practices.HomeWork9"/>
  <system-out/>
  <testcase name="Adminlogout" time="2.363" classname="com.logfourj.practices.HomeWork9"/>
  <system-out/>
  <testcase name="closeApplication" time="0.335" classname="com.logfourj.practices.HomeWork9"/>
  <system-out/>
</testsuite> <!-- com.logfourj.practices.HomeWork9 -->
