<?xml version="1.0" encoding="UTF-8"?>
<!-- Generated by org.testng.reporters.JUnitReportReporter -->
<testsuite skipped="0" hostname="DESKTOP-VOB5H1Q" name="com.logfourj.practices.HomeWork3" tests="7" failures="0" timestamp="2021-06-05T17:41:18 IST" time="31.596" errors="0">
  <testcase name="LaunchBrowser" time="8.384" classname="com.logfourj.practices.HomeWork3"/>
  <system-out/>
  <testcase name="navigate" time="2.875" classname="com.logfourj.practices.HomeWork3"/>
  <system-out/>
  <testcase name="login" time="5.795" classname="com.logfourj.practices.HomeWork3"/>
  <system-out/>
  <testcase name="CreateCustomer" time="3.734" classname="com.logfourj.practices.HomeWork3"/>
  <system-out/>
  <testcase name="DeleteCustomer" time="5.193" classname="com.logfourj.practices.HomeWork3"/>
  <system-out/>
  <testcase name="logout" time="2.472" classname="com.logfourj.practices.HomeWork3"/>
  <system-out/>
  <testcase name="closeApplication" time="3.143" classname="com.logfourj.practices.HomeWork3"/>
  <system-out/>
</testsuite> <!-- com.logfourj.practices.HomeWork3 -->
