<?xml version="1.0" encoding="UTF-8"?>
<!-- Generated by org.testng.reporters.JUnitReportReporter -->
<testsuite skipped="0" hostname="DESKTOP-VOB5H1Q" name="com.testng.practice.HomeWork9" tests="20" failures="0" timestamp="2021-06-02T13:04:21 IST" time="103.755" errors="0">
  <testcase name="launchBrowser" time="1.518" classname="com.testng.practice.HomeWork9"/>
  <system-out/>
  <testcase name="navigate" time="4.955" classname="com.testng.practice.HomeWork9"/>
  <system-out/>
  <testcase name="Adminlogin" time="2.269" classname="com.testng.practice.HomeWork9"/>
  <system-out/>
  <testcase name="minimizeFlyOutWindow" time="1.126" classname="com.testng.practice.HomeWork9"/>
  <system-out/>
  <testcase name="User1" time="16.585" classname="com.testng.practice.HomeWork9"/>
  <system-out/>
  <testcase name="User2" time="8.914" classname="com.testng.practice.HomeWork9"/>
  <system-out/>
  <testcase name="User3" time="8.733" classname="com.testng.practice.HomeWork9"/>
  <system-out/>
  <testcase name="logout" time="2.708" classname="com.testng.practice.HomeWork9"/>
  <system-out/>
  <testcase name="User1Loging" time="5.393" classname="com.testng.practice.HomeWork9"/>
  <system-out/>
  <testcase name="User1logout" time="2.326" classname="com.testng.practice.HomeWork9"/>
  <system-out/>
  <testcase name="User2Loging" time="5.381" classname="com.testng.practice.HomeWork9"/>
  <system-out/>
  <testcase name="User2Logout" time="2.324" classname="com.testng.practice.HomeWork9"/>
  <system-out/>
  <testcase name="User3Loging" time="5.414" classname="com.testng.practice.HomeWork9"/>
  <system-out/>
  <testcase name="User3Logout" time="2.324" classname="com.testng.practice.HomeWork9"/>
  <system-out/>
  <testcase name="Admin1login" time="2.294" classname="com.testng.practice.HomeWork9"/>
  <system-out/>
  <testcase name="deleteUser1" time="10.088" classname="com.testng.practice.HomeWork9"/>
  <system-out/>
  <testcase name="deleteUser2" time="9.387" classname="com.testng.practice.HomeWork9"/>
  <system-out/>
  <testcase name="deleteUser3" time="9.404" classname="com.testng.practice.HomeWork9"/>
  <system-out/>
  <testcase name="Adminlogout" time="2.389" classname="com.testng.practice.HomeWork9"/>
  <system-out/>
  <testcase name="closeApplication" time="0.223" classname="com.testng.practice.HomeWork9"/>
  <system-out/>
</testsuite> <!-- com.testng.practice.HomeWork9 -->
