<?xml version="1.0" encoding="UTF-8"?>
<!-- Generated by org.testng.reporters.JUnitReportReporter -->
<testsuite skipped="0" hostname="DESKTOP-VOB5H1Q" name="com.testng.practice.HomeWork10" tests="31" failures="0" timestamp="2021-06-02T13:04:21 IST" time="160.500" errors="0">
  <testcase name="launchBrowser" time="1.499" classname="com.testng.practice.HomeWork10"/>
  <system-out/>
  <testcase name="navigate" time="3.729" classname="com.testng.practice.HomeWork10"/>
  <system-out/>
  <testcase name="Adminlogin" time="2.269" classname="com.testng.practice.HomeWork10"/>
  <system-out/>
  <testcase name="minimizeFlyOutWindow" time="1.167" classname="com.testng.practice.HomeWork10"/>
  <system-out/>
  <testcase name="User1" time="14.202" classname="com.testng.practice.HomeWork10"/>
  <system-out/>
  <testcase name="logout" time="2.340" classname="com.testng.practice.HomeWork10"/>
  <system-out/>
  <testcase name="User1Loging" time="5.447" classname="com.testng.practice.HomeWork10"/>
  <system-out/>
  <testcase name="User2" time="11.511" classname="com.testng.practice.HomeWork10"/>
  <system-out/>
  <testcase name="User1logout" time="2.385" classname="com.testng.practice.HomeWork10"/>
  <system-out/>
  <testcase name="User2Loging" time="5.396" classname="com.testng.practice.HomeWork10"/>
  <system-out/>
  <testcase name="User3" time="11.472" classname="com.testng.practice.HomeWork10"/>
  <system-out/>
  <testcase name="User2Logout" time="2.384" classname="com.testng.practice.HomeWork10"/>
  <system-out/>
  <testcase name="Admin1login" time="2.372" classname="com.testng.practice.HomeWork10"/>
  <system-out/>
  <testcase name="ModifyUser1" time="12.953" classname="com.testng.practice.HomeWork10"/>
  <system-out/>
  <testcase name="Admin1logout" time="2.415" classname="com.testng.practice.HomeWork10"/>
  <system-out/>
  <testcase name="User1LogingAgain" time="2.406" classname="com.testng.practice.HomeWork10"/>
  <system-out/>
  <testcase name="ModifyUser2" time="12.895" classname="com.testng.practice.HomeWork10"/>
  <system-out/>
  <testcase name="User1logoutAgain" time="2.316" classname="com.testng.practice.HomeWork10"/>
  <system-out/>
  <testcase name="User2LogingAgain" time="2.290" classname="com.testng.practice.HomeWork10"/>
  <system-out/>
  <testcase name="ModifyUser3" time="12.839" classname="com.testng.practice.HomeWork10"/>
  <system-out/>
  <testcase name="User2LogoutAgain" time="2.334" classname="com.testng.practice.HomeWork10"/>
  <system-out/>
  <testcase name="User2LogingAgainAgain" time="2.291" classname="com.testng.practice.HomeWork10"/>
  <system-out/>
  <testcase name="deleteUser3" time="9.915" classname="com.testng.practice.HomeWork10"/>
  <system-out/>
  <testcase name="User2LogoutAgainAgain" time="2.305" classname="com.testng.practice.HomeWork10"/>
  <system-out/>
  <testcase name="User1LogingAgainAgain" time="2.343" classname="com.testng.practice.HomeWork10"/>
  <system-out/>
  <testcase name="deleteUser2" time="9.918" classname="com.testng.practice.HomeWork10"/>
  <system-out/>
  <testcase name="User1logoutAgainAgain" time="2.354" classname="com.testng.practice.HomeWork10"/>
  <system-out/>
  <testcase name="Admin1loginAgain" time="2.336" classname="com.testng.practice.HomeWork10"/>
  <system-out/>
  <testcase name="deleteUser1" time="9.936" classname="com.testng.practice.HomeWork10"/>
  <system-out/>
  <testcase name="Admin1logoutAgainAgain" time="2.327" classname="com.testng.practice.HomeWork10"/>
  <system-out/>
  <testcase name="closeApplication" time="0.154" classname="com.testng.practice.HomeWork10"/>
  <system-out/>
</testsuite> <!-- com.testng.practice.HomeWork10 -->
