<?xml version="1.0" encoding="UTF-8"?>
<!-- Generated by org.testng.reporters.JUnitReportReporter -->
<testsuite skipped="0" hostname="DESKTOP-VOB5H1Q" name="com.testng.practice.HomeWork4" tests="8" failures="0" timestamp="2021-06-02T13:04:21 IST" time="33.544" errors="0">
  <testcase name="LaunchBrowser" time="10.107" classname="com.testng.practice.HomeWork4"/>
  <system-out/>
  <testcase name="navigate" time="3.285" classname="com.testng.practice.HomeWork4"/>
  <system-out/>
  <testcase name="login" time="6.296" classname="com.testng.practice.HomeWork4"/>
  <system-out/>
  <testcase name="CreateCustomer" time="4.414" classname="com.testng.practice.HomeWork4"/>
  <system-out/>
  <testcase name="ModifyCustomer" time="1.372" classname="com.testng.practice.HomeWork4"/>
  <system-out/>
  <testcase name="DeleteCustomer" time="3.052" classname="com.testng.practice.HomeWork4"/>
  <system-out/>
  <testcase name="logout" time="3.052" classname="com.testng.practice.HomeWork4"/>
  <system-out/>
  <testcase name="closeApplication" time="1.966" classname="com.testng.practice.HomeWork4"/>
  <system-out/>
</testsuite> <!-- com.testng.practice.HomeWork4 -->
