<?xml version="1.0" encoding="UTF-8"?>
<!-- Generated by org.testng.reporters.JUnitReportReporter -->
<testsuite skipped="0" hostname="DESKTOP-VOB5H1Q" name="com.testng.practice.HomeWord3" tests="7" failures="0" timestamp="2021-06-02T13:04:21 IST" time="32.518" errors="0">
  <testcase name="LaunchBrowser" time="12.954" classname="com.testng.practice.HomeWord3"/>
  <system-out/>
  <testcase name="navigate" time="3.066" classname="com.testng.practice.HomeWord3"/>
  <system-out/>
  <testcase name="login" time="7.111" classname="com.testng.practice.HomeWord3"/>
  <system-out/>
  <testcase name="CreateCustomer" time="3.605" classname="com.testng.practice.HomeWord3"/>
  <system-out/>
  <testcase name="DeleteCustomer" time="0.058" classname="com.testng.practice.HomeWord3"/>
  <system-out/>
  <testcase name="logout" time="2.047" classname="com.testng.practice.HomeWord3"/>
  <system-out/>
  <testcase name="closeApplication" time="3.677" classname="com.testng.practice.HomeWord3"/>
  <system-out/>
</testsuite> <!-- com.testng.practice.HomeWord3 -->
