<?xml version="1.0" encoding="UTF-8"?>
<!-- Generated by org.testng.reporters.JUnitReportReporter -->
<testsuite skipped="0" hostname="DESKTOP-VOB5H1Q" name="com.testng.practice.HomeWork6" tests="10" failures="0" timestamp="2021-06-02T13:04:21 IST" time="56.026" errors="0">
  <testcase name="LaunchBrowser" time="7.233" classname="com.testng.practice.HomeWork6"/>
  <system-out/>
  <testcase name="navigate" time="2.662" classname="com.testng.practice.HomeWork6"/>
  <system-out/>
  <testcase name="login" time="5.636" classname="com.testng.practice.HomeWork6"/>
  <system-out/>
  <testcase name="createCustomer" time="8.679" classname="com.testng.practice.HomeWork6"/>
  <system-out/>
  <testcase name="CreateProject" time="8.995" classname="com.testng.practice.HomeWork6"/>
  <system-out/>
  <testcase name="modifyProject" time="6.013" classname="com.testng.practice.HomeWork6"/>
  <system-out/>
  <testcase name="DeleteProject" time="4.868" classname="com.testng.practice.HomeWork6"/>
  <system-out/>
  <testcase name="DeleteCustomer" time="7.400" classname="com.testng.practice.HomeWork6"/>
  <system-out/>
  <testcase name="logout" time="1.478" classname="com.testng.practice.HomeWork6"/>
  <system-out/>
  <testcase name="closeApplication" time="3.062" classname="com.testng.practice.HomeWork6"/>
  <system-out/>
</testsuite> <!-- com.testng.practice.HomeWork6 -->
