<?xml version="1.0" encoding="UTF-8"?>
<!-- Generated by org.testng.reporters.JUnitReportReporter -->
<testsuite skipped="0" hostname="DESKTOP-VOB5H1Q" name="com.logfourj.practices.HomeWork7" tests="11" failures="0" timestamp="2021-06-05T17:41:18 IST" time="62.070" errors="0">
  <testcase name="LaunchBrowser" time="7.841" classname="com.logfourj.practices.HomeWork7"/>
  <system-out/>
  <testcase name="navigate" time="2.736" classname="com.logfourj.practices.HomeWork7"/>
  <system-out/>
  <testcase name="login" time="5.801" classname="com.logfourj.practices.HomeWork7"/>
  <system-out/>
  <testcase name="CreateCustomer" time="3.710" classname="com.logfourj.practices.HomeWork7"/>
  <system-out/>
  <testcase name="CreateProject" time="8.982" classname="com.logfourj.practices.HomeWork7"/>
  <system-out/>
  <testcase name="createTask" time="4.956" classname="com.logfourj.practices.HomeWork7"/>
  <system-out/>
  <testcase name="deleteTask" time="9.168" classname="com.logfourj.practices.HomeWork7"/>
  <system-out/>
  <testcase name="DeleteProject" time="6.156" classname="com.logfourj.practices.HomeWork7"/>
  <system-out/>
  <testcase name="DeleteCustomer" time="6.073" classname="com.logfourj.practices.HomeWork7"/>
  <system-out/>
  <testcase name="logout" time="2.417" classname="com.logfourj.practices.HomeWork7"/>
  <system-out/>
  <testcase name="closeApplication" time="4.230" classname="com.logfourj.practices.HomeWork7"/>
  <system-out/>
</testsuite> <!-- com.logfourj.practices.HomeWork7 -->
