<?xml version="1.0" encoding="UTF-8"?>
<!-- Generated by org.testng.reporters.JUnitReportReporter -->
<testsuite skipped="0" hostname="DESKTOP-VOB5H1Q" name="com.logfourj.practices.HomeWork10" tests="30" failures="0" timestamp="2021-06-05T17:41:18 IST" time="160.704" errors="0">
  <testcase name="launchBrowser" time="1.680" classname="com.logfourj.practices.HomeWork10"/>
  <system-out/>
  <testcase name="navigate" time="4.513" classname="com.logfourj.practices.HomeWork10"/>
  <system-out/>
  <testcase name="login" time="4.362" classname="com.logfourj.practices.HomeWork10"/>
  <system-out/>
  <testcase name="User1" time="12.346" classname="com.logfourj.practices.HomeWork10"/>
  <system-out/>
  <testcase name="logout" time="2.363" classname="com.logfourj.practices.HomeWork10"/>
  <system-out/>
  <testcase name="User1Loging" time="6.032" classname="com.logfourj.practices.HomeWork10"/>
  <system-out/>
  <testcase name="User2" time="11.398" classname="com.logfourj.practices.HomeWork10"/>
  <system-out/>
  <testcase name="User1logout" time="2.367" classname="com.logfourj.practices.HomeWork10"/>
  <system-out/>
  <testcase name="User2Loging" time="5.367" classname="com.logfourj.practices.HomeWork10"/>
  <system-out/>
  <testcase name="User3" time="11.342" classname="com.logfourj.practices.HomeWork10"/>
  <system-out/>
  <testcase name="User2Logout" time="2.336" classname="com.logfourj.practices.HomeWork10"/>
  <system-out/>
  <testcase name="Admin1login" time="2.299" classname="com.logfourj.practices.HomeWork10"/>
  <system-out/>
  <testcase name="ModifyUser1" time="12.945" classname="com.logfourj.practices.HomeWork10"/>
  <system-out/>
  <testcase name="Admin1logout" time="2.415" classname="com.logfourj.practices.HomeWork10"/>
  <system-out/>
  <testcase name="User1LogingAgain" time="2.329" classname="com.logfourj.practices.HomeWork10"/>
  <system-out/>
  <testcase name="ModifyUser2" time="13.052" classname="com.logfourj.practices.HomeWork10"/>
  <system-out/>
  <testcase name="User1logoutAgain" time="2.296" classname="com.logfourj.practices.HomeWork10"/>
  <system-out/>
  <testcase name="User2LogingAgain" time="2.328" classname="com.logfourj.practices.HomeWork10"/>
  <system-out/>
  <testcase name="ModifyUser3" time="12.789" classname="com.logfourj.practices.HomeWork10"/>
  <system-out/>
  <testcase name="User2LogoutAgain" time="2.328" classname="com.logfourj.practices.HomeWork10"/>
  <system-out/>
  <testcase name="User2LogingAgainAgain" time="2.457" classname="com.logfourj.practices.HomeWork10"/>
  <system-out/>
  <testcase name="deleteUser3" time="9.831" classname="com.logfourj.practices.HomeWork10"/>
  <system-out/>
  <testcase name="User2LogoutAgainAgain" time="2.329" classname="com.logfourj.practices.HomeWork10"/>
  <system-out/>
  <testcase name="User1LogingAgainAgain" time="2.329" classname="com.logfourj.practices.HomeWork10"/>
  <system-out/>
  <testcase name="deleteUser2" time="9.807" classname="com.logfourj.practices.HomeWork10"/>
  <system-out/>
  <testcase name="User1logoutAgainAgain" time="2.351" classname="com.logfourj.practices.HomeWork10"/>
  <system-out/>
  <testcase name="Admin1loginAgain" time="2.253" classname="com.logfourj.practices.HomeWork10"/>
  <system-out/>
  <testcase name="deleteUser1" time="9.894" classname="com.logfourj.practices.HomeWork10"/>
  <system-out/>
  <testcase name="Admin1logoutAgainAgain" time="2.344" classname="com.logfourj.practices.HomeWork10"/>
  <system-out/>
  <testcase name="closeApplication" time="0.222" classname="com.logfourj.practices.HomeWork10"/>
  <system-out/>
</testsuite> <!-- com.logfourj.practices.HomeWork10 -->
