<?xml version="1.0" encoding="UTF-8"?>
<!-- Generated by org.testng.reporters.JUnitReportReporter -->
<testsuite skipped="0" hostname="DESKTOP-VOB5H1Q" name="com.testng.practice.HomeWork2" tests="8" failures="0" timestamp="2021-06-02T13:04:21 IST" time="40.710" errors="0">
  <testcase name="LaunchBrowser" time="24.198" classname="com.testng.practice.HomeWork2"/>
  <system-out/>
  <testcase name="navigate" time="4.603" classname="com.testng.practice.HomeWork2"/>
  <system-out/>
  <testcase name="login" time="4.830" classname="com.testng.practice.HomeWork2"/>
  <system-out/>
  <testcase name="CreateUser" time="0.115" classname="com.testng.practice.HomeWork2"/>
  <system-out/>
  <testcase name="ModifyUser" time="0.296" classname="com.testng.practice.HomeWork2"/>
  <system-out/>
  <testcase name="DeleteUser" time="1.034" classname="com.testng.practice.HomeWork2"/>
  <system-out/>
  <testcase name="logout" time="1.049" classname="com.testng.practice.HomeWork2"/>
  <system-out/>
  <testcase name="closeApplication" time="4.585" classname="com.testng.practice.HomeWork2"/>
  <system-out/>
</testsuite> <!-- com.testng.practice.HomeWork2 -->
