<?xml version="1.0" encoding="UTF-8"?>
<!-- Generated by org.testng.reporters.JUnitReportReporter -->
<testsuite skipped="0" hostname="DESKTOP-VOB5H1Q" name="com.logfourj.practices.HomeWork6" tests="10" failures="0" timestamp="2021-06-05T17:41:18 IST" time="50.388" errors="0">
  <testcase name="LaunchBrowser" time="7.314" classname="com.logfourj.practices.HomeWork6"/>
  <system-out/>
  <testcase name="navigate" time="2.725" classname="com.logfourj.practices.HomeWork6"/>
  <system-out/>
  <testcase name="login" time="5.821" classname="com.logfourj.practices.HomeWork6"/>
  <system-out/>
  <testcase name="CreateCustomer" time="3.768" classname="com.logfourj.practices.HomeWork6"/>
  <system-out/>
  <testcase name="CreateProject" time="9.018" classname="com.logfourj.practices.HomeWork6"/>
  <system-out/>
  <testcase name="modifyProject" time="6.016" classname="com.logfourj.practices.HomeWork6"/>
  <system-out/>
  <testcase name="DeleteProject" time="7.449" classname="com.logfourj.practices.HomeWork6"/>
  <system-out/>
  <testcase name="DeleteCustomer" time="3.083" classname="com.logfourj.practices.HomeWork6"/>
  <system-out/>
  <testcase name="logout" time="2.400" classname="com.logfourj.practices.HomeWork6"/>
  <system-out/>
  <testcase name="closeApplication" time="2.794" classname="com.logfourj.practices.HomeWork6"/>
  <system-out/>
</testsuite> <!-- com.logfourj.practices.HomeWork6 -->
