<?xml version="1.0" encoding="UTF-8"?>
<!-- Generated by org.testng.reporters.JUnitReportReporter -->
<testsuite skipped="0" hostname="DESKTOP-VOB5H1Q" name="TestNG.LoginLogout" tests="6" failures="0" timestamp="2021-06-01T14:09:25 IST" time="29.191" errors="0">
  <testcase name="launchBrowser" time="9.450" classname="TestNG.LoginLogout"/>
  <system-out/>
  <testcase name="navigate" time="13.084" classname="TestNG.LoginLogout"/>
  <system-out/>
  <testcase name="login" time="0.127" classname="TestNG.LoginLogout"/>
  <system-out/>
  <testcase name="login" time="4.509" classname="TestNG.LoginLogout"/>
  <system-out/>
  <testcase name="login" time="0.139" classname="TestNG.LoginLogout"/>
  <system-out/>
  <testcase name="closeApplication" time="1.882" classname="TestNG.LoginLogout"/>
  <system-out/>
</testsuite> <!-- TestNG.LoginLogout -->
