<?xml version="1.0" encoding="UTF-8"?>
<!-- Generated by org.testng.reporters.JUnitReportReporter -->
<testsuite skipped="0" hostname="DESKTOP-VOB5H1Q" name="com.testng.practice.HomeWork5" tests="9" failures="0" timestamp="2021-06-02T13:04:21 IST" time="25.531" errors="0">
  <testcase name="LaunchBrowser" time="7.328" classname="com.testng.practice.HomeWork5"/>
  <system-out/>
  <testcase name="navigate" time="2.968" classname="com.testng.practice.HomeWork5"/>
  <system-out/>
  <testcase name="login" time="5.701" classname="com.testng.practice.HomeWork5"/>
  <system-out/>
  <testcase name="CreateCustomer" time="3.725" classname="com.testng.practice.HomeWork5"/>
  <system-out/>
  <testcase name="CreateProject" time="0.059" classname="com.testng.practice.HomeWork5"/>
  <system-out/>
  <testcase name="DeleteProject" time="0.024" classname="com.testng.practice.HomeWork5"/>
  <system-out/>
  <testcase name="DeleteCustomer" time="0.033" classname="com.testng.practice.HomeWork5"/>
  <system-out/>
  <testcase name="logout" time="3.047" classname="com.testng.practice.HomeWork5"/>
  <system-out/>
  <testcase name="closeApplication" time="2.646" classname="com.testng.practice.HomeWork5"/>
  <system-out/>
</testsuite> <!-- com.testng.practice.HomeWork5 -->
