<?xml version="1.0" encoding="UTF-8"?>
<!-- Generated by org.testng.reporters.JUnitReportReporter -->
<testsuite skipped="0" hostname="DESKTOP-VOB5H1Q" name="com.logfourj.practices.HomeWork1" tests="7" failures="0" timestamp="2021-06-05T17:41:18 IST" time="33.588" errors="0">
  <testcase name="LaunchBrowser" time="2.881" classname="com.logfourj.practices.HomeWork1"/>
  <system-out/>
  <testcase name="navigate" time="5.345" classname="com.logfourj.practices.HomeWork1"/>
  <system-out/>
  <testcase name="login" time="6.607" classname="com.logfourj.practices.HomeWork1"/>
  <system-out/>
  <testcase name="CreateUser" time="7.686" classname="com.logfourj.practices.HomeWork1"/>
  <system-out/>
  <testcase name="DeleteUser" time="8.331" classname="com.logfourj.practices.HomeWork1"/>
  <system-out/>
  <testcase name="logout" time="2.435" classname="com.logfourj.practices.HomeWork1"/>
  <system-out/>
  <testcase name="closeApplication" time="0.303" classname="com.logfourj.practices.HomeWork1"/>
  <system-out/>
</testsuite> <!-- com.logfourj.practices.HomeWork1 -->
