<?xml version="1.0" encoding="UTF-8"?>
<!-- Generated by org.testng.reporters.JUnitReportReporter -->
<testsuite skipped="0" hostname="DESKTOP-VOB5H1Q" name="com.logfourj.practices.HomeWork2" tests="9" failures="0" timestamp="2021-06-05T17:41:18 IST" time="34.016" errors="0">
  <testcase name="launchBrowser" time="1.928" classname="com.logfourj.practices.HomeWork2"/>
  <system-out/>
  <testcase name="navigate" time="5.793" classname="com.logfourj.practices.HomeWork2"/>
  <system-out/>
  <testcase name="login" time="4.289" classname="com.logfourj.practices.HomeWork2"/>
  <system-out/>
  <testcase name="flyWindowMinimize" time="2.141" classname="com.logfourj.practices.HomeWork2"/>
  <system-out/>
  <testcase name="createUser" time="8.915" classname="com.logfourj.practices.HomeWork2"/>
  <system-out/>
  <testcase name="modifyUser" time="6.497" classname="com.logfourj.practices.HomeWork2"/>
  <system-out/>
  <testcase name="deleteUser" time="2.248" classname="com.logfourj.practices.HomeWork2"/>
  <system-out/>
  <testcase name="logOut" time="1.792" classname="com.logfourj.practices.HomeWork2"/>
  <system-out/>
  <testcase name="closeApplication" time="0.413" classname="com.logfourj.practices.HomeWork2"/>
  <system-out/>
</testsuite> <!-- com.logfourj.practices.HomeWork2 -->
