<?xml version="1.0" encoding="UTF-8"?>
<!-- Generated by org.testng.reporters.JUnitReportReporter -->
<testsuite skipped="0" hostname="DESKTOP-VOB5H1Q" name="TestNG.HomeWork1" tests="7" failures="0" timestamp="2021-06-01T14:27:50 IST" time="28.456" errors="0">
  <testcase name="LaunchBrowser" time="2.807" classname="TestNG.HomeWork1"/>
  <system-out/>
  <testcase name="navigate" time="5.116" classname="TestNG.HomeWork1"/>
  <system-out/>
  <testcase name="login" time="4.409" classname="TestNG.HomeWork1"/>
  <system-out/>
  <testcase name="CreateUser" time="7.181" classname="TestNG.HomeWork1"/>
  <system-out/>
  <testcase name="DeleteUser" time="7.295" classname="TestNG.HomeWork1"/>
  <system-out/>
  <testcase name="logout" time="1.359" classname="TestNG.HomeWork1"/>
  <system-out/>
  <testcase name="closeApplication" time="0.289" classname="TestNG.HomeWork1"/>
  <system-out/>
</testsuite> <!-- TestNG.HomeWork1 -->
